<?xml version="1.0" encoding="UTF-8"?>
<testsuites>
  <testsuite name="CLI Arguments" tests="1" assertions="2" errors="0" failures="0" skipped="0" time="5.406712">
    <testsuite name="Tests\Feature\LaravelNyumon\Station5\PracticeTest" file="/var/www/tests/Feature/LaravelNyumon/Station5/PracticeTest.php" tests="1" assertions="2" errors="0" failures="0" skipped="0" time="5.406712">
      <testcase name="test_Helloと表示する" file="/var/www/tests/Feature/LaravelNyumon/Station5/PracticeTest.php" line="13" class="Tests\Feature\LaravelNyumon\Station5\PracticeTest" classname="Tests.Feature.LaravelNyumon.Station5.PracticeTest" assertions="2" time="5.406712"/>
    </testsuite>
  </testsuite>
</testsuites>
